<?xml version="1.0" encoding="UTF-8"?>
<!-- Generated by org.testng.reporters.JUnitReportReporter -->
<testsuite hostname="HBPTester" failures="0" tests="1" name="com.test.Database_Testing.IIPSRVProcessAutomation" time="8.420" errors="0" timestamp="2024-12-30T13:12:44 IST" skipped="0">
  <testcase classname="com.test.Database_Testing.IIPSRVProcessAutomation" name="manageIIPSRVProcesses" time="8.420"/>
</testsuite> <!-- com.test.Database_Testing.IIPSRVProcessAutomation -->
