<?xml version="1.0" encoding="UTF-8"?>
<!-- Generated by org.testng.reporters.JUnitReportReporter -->
<testsuite hostname="HBPTester" failures="0" tests="1" name="com.test.Database_Testing.Path_Confirmation" time="5.853" errors="0" timestamp="2024-10-19T11:58:47 IST" skipped="0">
  <testcase classname="com.test.Database_Testing.Path_Confirmation" name="testDB" time="5.853"/>
</testsuite> <!-- com.test.Database_Testing.Path_Confirmation -->
