<?xml version="1.0" encoding="UTF-8"?>
<!-- Generated by org.testng.reporters.JUnitReportReporter -->
<testsuite hostname="HBPTester" failures="0" tests="1" name="com.test.Database_Testing.Path_Validation" time="50.080" errors="0" timestamp="2024-11-26T15:32:27 IST" skipped="0">
  <testcase classname="com.test.Database_Testing.Path_Validation" name="testDB" time="50.080"/>
</testsuite> <!-- com.test.Database_Testing.Path_Validation -->
